<?xml version="1.0" encoding="UTF-8"?>
<!-- Generated by org.testng.reporters.JUnitReportReporter -->
<testsuite hostname="SunilBss" failures="0" tests="1" name="testCases.TC001_RegisterAccountTest" time="4.760" errors="0" timestamp="2024-10-23T15:38:06 IST" skipped="0">
  <testcase classname="testCases.TC001_RegisterAccountTest" name="RegisterTest" time="4.760"/>
</testsuite> <!-- testCases.TC001_RegisterAccountTest -->
