<?xml version="1.0" encoding="UTF-8"?>
<!-- Generated by org.testng.reporters.JUnitReportReporter -->
<testsuite hostname="SunilBss" failures="0" tests="3" name="testCases.TC002_LoginTest" time="4.957" errors="0" timestamp="2024-10-23T15:45:08 IST" skipped="0">
  <testcase classname="testCases.TC002_LoginTest" name="LoginTest" time="1.728"/>
  <testcase classname="testCases.TC002_LoginTest" name="LoginTest" time="1.642"/>
  <testcase classname="testCases.TC002_LoginTest" name="LoginTest" time="1.587"/>
</testsuite> <!-- testCases.TC002_LoginTest -->
