<?xml version="1.0" encoding="UTF-8"?>
<!-- Generated by org.testng.reporters.JUnitReportReporter -->
<testsuite hostname="SunilBss" failures="0" tests="1" name="testCases.TC002_LoginTest" time="2.568" errors="0" timestamp="2024-10-25T15:25:57 IST" skipped="0">
  <testcase classname="testCases.TC002_LoginTest" name="LoginTest" time="2.568"/>
</testsuite> <!-- testCases.TC002_LoginTest -->
