<?xml version="1.0" encoding="UTF-8"?>
<!-- Generated by org.testng.reporters.JUnitReportReporter -->
<testsuite hostname="SunilBss" failures="0" tests="1" name="testCases.TC001_RegisterAccountTest" time="4.727" errors="0" timestamp="2024-10-25T15:25:57 IST" skipped="0">
  <testcase classname="testCases.TC001_RegisterAccountTest" name="RegisterTest" time="4.727"/>
</testsuite> <!-- testCases.TC001_RegisterAccountTest -->
